  AI.cpp
c:\users\mxuor\onedrive\documents\projects\little tactics\checkers\renderer.h(10): fatal error C1083: Cannot open include file: 'gl/freeglut.h': No such file or directory
  Animation.cpp
c:\users\mxuor\onedrive\documents\projects\little tactics\checkers\renderer.h(10): fatal error C1083: Cannot open include file: 'gl/freeglut.h': No such file or directory
  CGameEngine.cpp
  CGameState.cpp
  GameBoard.cpp
c:\users\mxuor\onedrive\documents\projects\little tactics\checkers\gameboard.cpp(183): warning C4244: 'argument': conversion from 'int' to 'float', possible loss of data
c:\users\mxuor\onedrive\documents\projects\little tactics\checkers\gameboard.cpp(188): warning C4244: 'argument': conversion from 'int' to 'float', possible loss of data
c:\users\mxuor\onedrive\documents\projects\little tactics\checkers\gameboard.cpp(193): warning C4244: 'argument': conversion from 'int' to 'float', possible loss of data
c:\users\mxuor\onedrive\documents\projects\little tactics\checkers\gameboard.cpp(198): warning C4244: 'argument': conversion from 'int' to 'float', possible loss of data
c:\users\mxuor\onedrive\documents\projects\little tactics\checkers\gameboard.cpp(203): warning C4244: 'argument': conversion from 'int' to 'float', possible loss of data
c:\users\mxuor\onedrive\documents\projects\little tactics\checkers\gameboard.cpp(208): warning C4244: 'argument': conversion from 'int' to 'float', possible loss of data
c:\users\mxuor\onedrive\documents\projects\little tactics\checkers\gameboard.cpp(213): warning C4244: 'argument': conversion from 'int' to 'float', possible loss of data
  KeyInput.cpp
c:\users\mxuor\onedrive\documents\projects\little tactics\checkers\renderer.h(10): fatal error C1083: Cannot open include file: 'gl/freeglut.h': No such file or directory
  main.cpp
c:\users\mxuor\onedrive\documents\projects\little tactics\checkers\main.cpp(2): fatal error C1083: Cannot open include file: 'gl/freeglut.h': No such file or directory
  Math.cpp
  Nodes.cpp
c:\users\mxuor\onedrive\documents\projects\little tactics\checkers\nodes.cpp(30): warning C4244: 'argument': conversion from 'float' to 'int', possible loss of data
c:\users\mxuor\onedrive\documents\projects\little tactics\checkers\nodes.cpp(51): warning C4244: 'argument': conversion from 'float' to 'int', possible loss of data
c:\users\mxuor\onedrive\documents\projects\little tactics\checkers\nodes.cpp(66): warning C4244: 'argument': conversion from 'float' to 'int', possible loss of data
c:\users\mxuor\onedrive\documents\projects\little tactics\checkers\nodes.cpp(79): warning C4244: 'argument': conversion from 'float' to 'int', possible loss of data
  Piece.cpp
  PlayerGame.cpp
c:\users\mxuor\onedrive\documents\projects\little tactics\checkers\renderer.h(10): fatal error C1083: Cannot open include file: 'gl/freeglut.h': No such file or directory
  Renderer.cpp
c:\users\mxuor\onedrive\documents\projects\little tactics\checkers\renderer.h(10): fatal error C1083: Cannot open include file: 'gl/freeglut.h': No such file or directory
  Stats.cpp
  Tile.cpp
  UIBackend.cpp
c:\users\mxuor\onedrive\documents\projects\little tactics\checkers\renderer.h(10): fatal error C1083: Cannot open include file: 'gl/freeglut.h': No such file or directory
  Generating Code...
